\BOOKMARK [0][-]{chapter.1}{Introduction}{}% 1
\BOOKMARK [1][-]{section.1.1}{Contexte}{chapter.1}% 2
\BOOKMARK [1][-]{section.1.2}{Projet Virutal-Vertigo}{chapter.1}% 3
\BOOKMARK [1][-]{section.1.3}{Organisation du projet}{chapter.1}% 4
\BOOKMARK [0][-]{chapter.2}{Virtual-Vertigo}{}% 5
\BOOKMARK [1][-]{section.2.1}{Dispositif}{chapter.2}% 6
\BOOKMARK [1][-]{section.2.2}{Architecture}{chapter.2}% 7
\BOOKMARK [0][-]{chapter.3}{Composants, technologies et outils}{}% 8
\BOOKMARK [1][-]{section.3.1}{Google CardBoard}{chapter.3}% 9
\BOOKMARK [1][-]{section.3.2}{Kinect version 1}{chapter.3}% 10
\BOOKMARK [2][-]{subsection.3.2.1}{Composants et caract\351ristiques}{section.3.2}% 11
\BOOKMARK [2][-]{subsection.3.2.2}{Capture des donn\351es}{section.3.2}% 12
\BOOKMARK [2][-]{subsection.3.2.3}{Articulations du squelette et leurs orientations}{section.3.2}% 13
\BOOKMARK [2][-]{subsection.3.2.4}{Outils utilis\351s dans le projet}{section.3.2}% 14
\BOOKMARK [1][-]{section.3.3}{Technologies 3D}{chapter.3}% 15
\BOOKMARK [2][-]{subsection.3.3.1}{X3DOM}{section.3.3}% 16
\BOOKMARK [2][-]{subsection.3.3.2}{Logiciels 3D - Blender, MakeHuman et Cinema4D}{section.3.3}% 17
\BOOKMARK [1][-]{section.3.4}{Serveur Web Virtual-Vertigo en NodeJS}{chapter.3}% 18
\BOOKMARK [2][-]{subsection.3.4.1}{NodeJS}{section.3.4}% 19
\BOOKMARK [2][-]{subsection.3.4.2}{Module ExpressJS}{section.3.4}% 20
\BOOKMARK [2][-]{subsection.3.4.3}{Module Socket.io}{section.3.4}% 21
\BOOKMARK [0][-]{chapter.4}{Impl\351mentation}{}% 22
\BOOKMARK [1][-]{section.4.1}{Serveur Virtual-Vertigo}{chapter.4}% 23
\BOOKMARK [1][-]{section.4.2}{Donn\351es provenant du Kinect}{chapter.4}% 24
\BOOKMARK [2][-]{subsection.4.2.1}{Capture des donn\351es}{section.4.2}% 25
\BOOKMARK [2][-]{subsection.4.2.2}{Format des donn\351es}{section.4.2}% 26
\BOOKMARK [2][-]{subsection.4.2.3}{Traitement des donn\351es}{section.4.2}% 27
\BOOKMARK [1][-]{section.4.3}{Mod\351lisation de r\351alit\351 virtuelle}{chapter.4}% 28
\BOOKMARK [2][-]{subsection.4.3.1}{Cr\351ation de la sc\350ne virtuelle}{section.4.3}% 29
\BOOKMARK [2][-]{subsection.4.3.2}{Cr\351ation des immeubles}{section.4.3}% 30
\BOOKMARK [2][-]{subsection.4.3.3}{Cr\351ation du personnage}{section.4.3}% 31
\BOOKMARK [2][-]{subsection.4.3.4}{Textures}{section.4.3}% 32
\BOOKMARK [1][-]{section.4.4}{Animations sur la r\351alit\351 virtuelle}{chapter.4}% 33
\BOOKMARK [0][-]{chapter.5}{Probl\350mes rencontr\351s}{}% 34
\BOOKMARK [0][-]{chapter.6}{Conclusion}{}% 35
\BOOKMARK [1][-]{section.6.1}{Bilan}{chapter.6}% 36
\BOOKMARK [1][-]{section.6.2}{Am\351liorations}{chapter.6}% 37
\BOOKMARK [1][-]{section.6.3}{Perspectives}{chapter.6}% 38
\BOOKMARK [0][-]{section.6.3}{Annexes}{}% 39
\BOOKMARK [0][-]{appendix.A}{Glossaire}{}% 40
\BOOKMARK [0][-]{appendix.B}{Cahier de bord}{}% 41
\BOOKMARK [0][-]{appendix.C}{Planning}{}% 42
\BOOKMARK [0][-]{appendix.D}{Code source}{}% 43
\BOOKMARK [0][-]{appendix.E}{Illustrations diff\351rence entre X3DOM et X3D}{}% 44
\BOOKMARK [0][-]{appendix.F}{Fichiers X3DOM}{}% 45
\BOOKMARK [0][-]{appendix.G}{Tutoriel d'installation des outils et utilisation du projet Virtual-Vertigo}{}% 46
\BOOKMARK [0][-]{appendix*.120}{Bibliographie}{}% 47
